Started GET "/" for ::1 at 2016-04-07 10:28:49 +0200
DEPRECATION WARNING: ActiveRecord::Base.raise_in_transactional_callbacks= is deprecated, has no effect and will be removed without replacement. (called from raise_in_transactional_callbacks= at /Users/Lsnn/.rvm/gems/ruby-2.2.2/gems/activerecord-5.0.0.beta3/lib/active_record/transactions.rb:283)
Processing by Rails::WelcomeController#index as HTML
  Parameters: {"internal"=>true}
  Rendered /Users/Lsnn/.rvm/gems/ruby-2.2.2/gems/railties-5.0.0.beta3/lib/rails/templates/rails/welcome/index.html.erb (9.9ms)
Completed 200 OK in 33ms (Views: 23.4ms | ActiveRecord: 0.0ms)


DEPRECATION WARNING: ActiveRecord::Base.raise_in_transactional_callbacks= is deprecated, has no effect and will be removed without replacement. (called from require at bin/rails:9)
Started GET "/sockjs/info?cb=madm18wqrx" for ::1 at 2016-04-07 10:32:12 +0200
  
ActiveRecord::PendingMigrationError (

Migrations are pending. To resolve this issue, run:

	bin/rails db:migrate RAILS_ENV=development

):
  
activerecord (5.0.0.beta3) lib/active_record/migration.rb:578:in `check_pending!'
activerecord (5.0.0.beta3) lib/active_record/migration.rb:554:in `call'
actionpack (5.0.0.beta3) lib/action_dispatch/middleware/callbacks.rb:29:in `block in call'
activesupport (5.0.0.beta3) lib/active_support/callbacks.rb:97:in `__run_callbacks__'
activesupport (5.0.0.beta3) lib/active_support/callbacks.rb:750:in `_run_call_callbacks'
activesupport (5.0.0.beta3) lib/active_support/callbacks.rb:90:in `run_callbacks'
actionpack (5.0.0.beta3) lib/action_dispatch/middleware/callbacks.rb:27:in `call'
actionpack (5.0.0.beta3) lib/action_dispatch/middleware/reloader.rb:71:in `call'
actionpack (5.0.0.beta3) lib/action_dispatch/middleware/remote_ip.rb:79:in `call'
actionpack (5.0.0.beta3) lib/action_dispatch/middleware/debug_exceptions.rb:49:in `call'
web-console (2.3.0) lib/web_console/middleware.rb:28:in `block in call'
web-console (2.3.0) lib/web_console/middleware.rb:18:in `catch'
web-console (2.3.0) lib/web_console/middleware.rb:18:in `call'
actionpack (5.0.0.beta3) lib/action_dispatch/middleware/show_exceptions.rb:31:in `call'
railties (5.0.0.beta3) lib/rails/rack/logger.rb:36:in `call_app'
railties (5.0.0.beta3) lib/rails/rack/logger.rb:24:in `block in call'
activesupport (5.0.0.beta3) lib/active_support/tagged_logging.rb:70:in `block in tagged'
activesupport (5.0.0.beta3) lib/active_support/tagged_logging.rb:26:in `tagged'
activesupport (5.0.0.beta3) lib/active_support/tagged_logging.rb:70:in `tagged'
railties (5.0.0.beta3) lib/rails/rack/logger.rb:24:in `call'
actionpack (5.0.0.beta3) lib/action_dispatch/middleware/request_id.rb:24:in `call'
rack (2.0.0.alpha) lib/rack/method_override.rb:22:in `call'
rack (2.0.0.alpha) lib/rack/runtime.rb:22:in `call'
activesupport (5.0.0.beta3) lib/active_support/cache/strategy/local_cache_middleware.rb:28:in `call'
actionpack (5.0.0.beta3) lib/action_dispatch/middleware/load_interlock.rb:13:in `call'
actionpack (5.0.0.beta3) lib/action_dispatch/middleware/static.rb:136:in `call'
rack (2.0.0.alpha) lib/rack/sendfile.rb:111:in `call'
railties (5.0.0.beta3) lib/rails/engine.rb:522:in `call'
rack (2.0.0.alpha) lib/rack/handler/webrick.rb:86:in `service'
/Users/Lsnn/.rvm/rubies/ruby-2.2.2/lib/ruby/2.2.0/webrick/httpserver.rb:138:in `service'
/Users/Lsnn/.rvm/rubies/ruby-2.2.2/lib/ruby/2.2.0/webrick/httpserver.rb:94:in `run'
/Users/Lsnn/.rvm/rubies/ruby-2.2.2/lib/ruby/2.2.0/webrick/server.rb:294:in `block in start_thread'
  Rendered /Users/Lsnn/.rvm/gems/ruby-2.2.2/gems/actionpack-5.0.0.beta3/lib/action_dispatch/middleware/templates/rescues/_source.html.erb (10.5ms)
  Rendered /Users/Lsnn/.rvm/gems/ruby-2.2.2/gems/actionpack-5.0.0.beta3/lib/action_dispatch/middleware/templates/rescues/_trace.html.erb (4.0ms)
  Rendered /Users/Lsnn/.rvm/gems/ruby-2.2.2/gems/actionpack-5.0.0.beta3/lib/action_dispatch/middleware/templates/rescues/_request_and_response.html.erb (3.1ms)
  Rendered /Users/Lsnn/.rvm/gems/ruby-2.2.2/gems/actionpack-5.0.0.beta3/lib/action_dispatch/middleware/templates/rescues/diagnostics.html.erb within rescues/layout (149.9ms)
DEPRECATION WARNING: Accessing mime types via constants is deprecated. Please change `Mime::HTML` to `Mime[:html]`. (called from const_missing at /Users/Lsnn/.rvm/gems/ruby-2.2.2/gems/actionpack-5.0.0.beta3/lib/action_dispatch/http/mime_type.rb:52)
  Rendered /Users/Lsnn/.rvm/gems/ruby-2.2.2/gems/web-console-2.3.0/lib/web_console/templates/_markup.html.erb (0.6ms)
  Rendered /Users/Lsnn/.rvm/gems/ruby-2.2.2/gems/web-console-2.3.0/lib/web_console/templates/_inner_console_markup.html.erb within layouts/inlined_string (0.4ms)
  Rendered /Users/Lsnn/.rvm/gems/ruby-2.2.2/gems/web-console-2.3.0/lib/web_console/templates/_prompt_box_markup.html.erb within layouts/inlined_string (0.4ms)
  Rendered /Users/Lsnn/.rvm/gems/ruby-2.2.2/gems/web-console-2.3.0/lib/web_console/templates/style.css.erb within layouts/inlined_string (0.6ms)
DEPRECATION WARNING: Accessing mime types via constants is deprecated. Please change `Mime::WEB_CONSOLE_V2` to `Mime[:web_console_v2]`. (called from const_missing at /Users/Lsnn/.rvm/gems/ruby-2.2.2/gems/actionpack-5.0.0.beta3/lib/action_dispatch/http/mime_type.rb:52)
  Rendered /Users/Lsnn/.rvm/gems/ruby-2.2.2/gems/web-console-2.3.0/lib/web_console/templates/console.js.erb within layouts/javascript (103.1ms)
  Rendered /Users/Lsnn/.rvm/gems/ruby-2.2.2/gems/web-console-2.3.0/lib/web_console/templates/main.js.erb within layouts/javascript (0.6ms)
  Rendered /Users/Lsnn/.rvm/gems/ruby-2.2.2/gems/web-console-2.3.0/lib/web_console/templates/error_page.js.erb within layouts/javascript (0.5ms)
  Rendered /Users/Lsnn/.rvm/gems/ruby-2.2.2/gems/web-console-2.3.0/lib/web_console/templates/index.html.erb (192.2ms)
DEPRECATION WARNING: ActiveRecord::Base.raise_in_transactional_callbacks= is deprecated, has no effect and will be removed without replacement. (called from load at /Users/Lsnn/.rvm/gems/ruby-2.2.2/bin/rake:23)
  [1m[35m (1.2ms)[0m  [1m[35mCREATE TABLE "schema_migrations" ("version" varchar PRIMARY KEY) [0m
  [1m[35m (1.0ms)[0m  [1m[35mCREATE TABLE "ar_internal_metadata" ("key" varchar PRIMARY KEY, "value" varchar, "created_at" datetime NOT NULL, "updated_at" datetime NOT NULL) [0m
  [1m[36mActiveRecord::SchemaMigration Load (0.3ms)[0m  [1m[34mSELECT "schema_migrations".* FROM "schema_migrations"[0m
Migrating to CreateDevices (20160407083140)
  [1m[35m (0.1ms)[0m  [1m[36mbegin transaction[0m
  [1m[35m (0.7ms)[0m  [1m[35mCREATE TABLE "devices" ("id" INTEGER PRIMARY KEY AUTOINCREMENT NOT NULL, "state" integer, "created_at" datetime NOT NULL, "updated_at" datetime NOT NULL) [0m
  [1m[35mSQL (0.2ms)[0m  [1m[32mINSERT INTO "schema_migrations" ("version") VALUES (?)[0m  [["version", "20160407083140"]]
  [1m[35m (0.9ms)[0m  [1m[36mcommit transaction[0m
  [1m[36mActiveRecord::InternalMetadata Load (0.2ms)[0m  [1m[34mSELECT  "ar_internal_metadata".* FROM "ar_internal_metadata" ORDER BY "ar_internal_metadata"."key" ASC LIMIT ?[0m  [["LIMIT", 1]]
  [1m[35m (0.1ms)[0m  [1m[36mbegin transaction[0m
  [1m[35mSQL (0.3ms)[0m  [1m[32mINSERT INTO "ar_internal_metadata" ("key", "value", "created_at", "updated_at") VALUES (?, ?, ?, ?)[0m  [["key", "environment"], ["value", "development"], ["created_at", 2016-04-07 08:32:13 UTC], ["updated_at", 2016-04-07 08:32:13 UTC]]
  [1m[35m (0.8ms)[0m  [1m[36mcommit transaction[0m
  [1m[36mActiveRecord::SchemaMigration Load (0.2ms)[0m  [1m[34mSELECT "schema_migrations".* FROM "schema_migrations"[0m
DEPRECATION WARNING: ActiveRecord::Base.raise_in_transactional_callbacks= is deprecated, has no effect and will be removed without replacement. (called from require at bin/rails:9)
  [1m[36mActiveRecord::SchemaMigration Load (0.2ms)[0m  [1m[34mSELECT "schema_migrations".* FROM "schema_migrations"[0m
  [1m[36mActiveRecord::InternalMetadata Load (0.3ms)[0m  [1m[34mSELECT  "ar_internal_metadata".* FROM "ar_internal_metadata" ORDER BY "ar_internal_metadata"."key" ASC LIMIT ?[0m  [["LIMIT", 1]]
  [1m[35m (0.1ms)[0m  [1m[36mbegin transaction[0m
  [1m[35m (0.1ms)[0m  [1m[36mcommit transaction[0m
  [1m[36mActiveRecord::SchemaMigration Load (0.1ms)[0m  [1m[34mSELECT "schema_migrations".* FROM "schema_migrations"[0m
Started GET "/" for ::1 at 2016-04-07 10:33:11 +0200
DEPRECATION WARNING: ActiveRecord::Base.raise_in_transactional_callbacks= is deprecated, has no effect and will be removed without replacement. (called from raise_in_transactional_callbacks= at /Users/Lsnn/.rvm/gems/ruby-2.2.2/gems/activerecord-5.0.0.beta3/lib/active_record/transactions.rb:283)
  [1m[36mActiveRecord::SchemaMigration Load (0.6ms)[0m  [1m[34mSELECT "schema_migrations".* FROM "schema_migrations"[0m
Processing by Rails::WelcomeController#index as HTML
  Parameters: {"internal"=>true}
  Rendered /Users/Lsnn/.rvm/gems/ruby-2.2.2/gems/railties-5.0.0.beta3/lib/rails/templates/rails/welcome/index.html.erb (6.0ms)
Completed 200 OK in 24ms (Views: 18.1ms | ActiveRecord: 0.0ms)


Started GET "/sockjs/info?cb=gpkvheffra" for ::1 at 2016-04-07 10:36:43 +0200
  
ActionController::RoutingError (No route matches [GET] "/sockjs/info"):
  
actionpack (5.0.0.beta3) lib/action_dispatch/middleware/debug_exceptions.rb:53:in `call'
web-console (2.3.0) lib/web_console/middleware.rb:28:in `block in call'
web-console (2.3.0) lib/web_console/middleware.rb:18:in `catch'
web-console (2.3.0) lib/web_console/middleware.rb:18:in `call'
actionpack (5.0.0.beta3) lib/action_dispatch/middleware/show_exceptions.rb:31:in `call'
railties (5.0.0.beta3) lib/rails/rack/logger.rb:36:in `call_app'
railties (5.0.0.beta3) lib/rails/rack/logger.rb:24:in `block in call'
activesupport (5.0.0.beta3) lib/active_support/tagged_logging.rb:70:in `block in tagged'
activesupport (5.0.0.beta3) lib/active_support/tagged_logging.rb:26:in `tagged'
activesupport (5.0.0.beta3) lib/active_support/tagged_logging.rb:70:in `tagged'
railties (5.0.0.beta3) lib/rails/rack/logger.rb:24:in `call'
actionpack (5.0.0.beta3) lib/action_dispatch/middleware/request_id.rb:24:in `call'
rack (2.0.0.alpha) lib/rack/method_override.rb:22:in `call'
rack (2.0.0.alpha) lib/rack/runtime.rb:22:in `call'
activesupport (5.0.0.beta3) lib/active_support/cache/strategy/local_cache_middleware.rb:28:in `call'
actionpack (5.0.0.beta3) lib/action_dispatch/middleware/load_interlock.rb:13:in `call'
actionpack (5.0.0.beta3) lib/action_dispatch/middleware/static.rb:136:in `call'
rack (2.0.0.alpha) lib/rack/sendfile.rb:111:in `call'
railties (5.0.0.beta3) lib/rails/engine.rb:522:in `call'
rack (2.0.0.alpha) lib/rack/handler/webrick.rb:86:in `service'
/Users/Lsnn/.rvm/rubies/ruby-2.2.2/lib/ruby/2.2.0/webrick/httpserver.rb:138:in `service'
/Users/Lsnn/.rvm/rubies/ruby-2.2.2/lib/ruby/2.2.0/webrick/httpserver.rb:94:in `run'
/Users/Lsnn/.rvm/rubies/ruby-2.2.2/lib/ruby/2.2.0/webrick/server.rb:294:in `block in start_thread'
  Rendered /Users/Lsnn/.rvm/gems/ruby-2.2.2/gems/actionpack-5.0.0.beta3/lib/action_dispatch/middleware/templates/rescues/_trace.html.erb (3.9ms)
  Rendered collection of /Users/Lsnn/.rvm/gems/ruby-2.2.2/gems/actionpack-5.0.0.beta3/lib/action_dispatch/middleware/templates/routes/_route.html.erb [1 times] (19.9ms)
  Rendered /Users/Lsnn/.rvm/gems/ruby-2.2.2/gems/actionpack-5.0.0.beta3/lib/action_dispatch/middleware/templates/routes/_table.html.erb (21.6ms)
  Rendered /Users/Lsnn/.rvm/gems/ruby-2.2.2/gems/actionpack-5.0.0.beta3/lib/action_dispatch/middleware/templates/rescues/_request_and_response.html.erb (23.2ms)
  Rendered /Users/Lsnn/.rvm/gems/ruby-2.2.2/gems/actionpack-5.0.0.beta3/lib/action_dispatch/middleware/templates/rescues/routing_error.html.erb within rescues/layout (195.3ms)
DEPRECATION WARNING: Accessing mime types via constants is deprecated. Please change `Mime::HTML` to `Mime[:html]`. (called from const_missing at /Users/Lsnn/.rvm/gems/ruby-2.2.2/gems/actionpack-5.0.0.beta3/lib/action_dispatch/http/mime_type.rb:52)
  Rendered /Users/Lsnn/.rvm/gems/ruby-2.2.2/gems/web-console-2.3.0/lib/web_console/templates/_markup.html.erb (0.5ms)
  Rendered /Users/Lsnn/.rvm/gems/ruby-2.2.2/gems/web-console-2.3.0/lib/web_console/templates/_inner_console_markup.html.erb within layouts/inlined_string (0.5ms)
  Rendered /Users/Lsnn/.rvm/gems/ruby-2.2.2/gems/web-console-2.3.0/lib/web_console/templates/_prompt_box_markup.html.erb within layouts/inlined_string (0.4ms)
  Rendered /Users/Lsnn/.rvm/gems/ruby-2.2.2/gems/web-console-2.3.0/lib/web_console/templates/style.css.erb within layouts/inlined_string (0.5ms)
DEPRECATION WARNING: Accessing mime types via constants is deprecated. Please change `Mime::WEB_CONSOLE_V2` to `Mime[:web_console_v2]`. (called from const_missing at /Users/Lsnn/.rvm/gems/ruby-2.2.2/gems/actionpack-5.0.0.beta3/lib/action_dispatch/http/mime_type.rb:52)
  Rendered /Users/Lsnn/.rvm/gems/ruby-2.2.2/gems/web-console-2.3.0/lib/web_console/templates/console.js.erb within layouts/javascript (77.1ms)
  Rendered /Users/Lsnn/.rvm/gems/ruby-2.2.2/gems/web-console-2.3.0/lib/web_console/templates/main.js.erb within layouts/javascript (0.6ms)
  Rendered /Users/Lsnn/.rvm/gems/ruby-2.2.2/gems/web-console-2.3.0/lib/web_console/templates/error_page.js.erb within layouts/javascript (0.6ms)
  Rendered /Users/Lsnn/.rvm/gems/ruby-2.2.2/gems/web-console-2.3.0/lib/web_console/templates/index.html.erb (219.7ms)
Started GET "/" for ::1 at 2016-04-07 10:38:51 +0200
DEPRECATION WARNING: ActiveRecord::Base.raise_in_transactional_callbacks= is deprecated, has no effect and will be removed without replacement. (called from raise_in_transactional_callbacks= at /Users/Lsnn/.rvm/gems/ruby-2.2.2/gems/activerecord-5.0.0.beta3/lib/active_record/transactions.rb:283)
  [1m[36mActiveRecord::SchemaMigration Load (0.6ms)[0m  [1m[34mSELECT "schema_migrations".* FROM "schema_migrations"[0m
Processing by DeviceController#index as HTML
  Rendered device/index.html.erb within layouts/application (2.0ms)
Completed 500 Internal Server Error in 259ms (ActiveRecord: 0.0ms)


  
ActionView::Template::Error (couldn't find file 'turbolinks' with type 'application/javascript'):
    2: <html>
    3: <head>
    4:   <title>NmsHackday5</title>
    5:   <%= stylesheet_link_tag    'application', media: 'all', 'data-turbolinks-track' => true %>
    6:   <%= javascript_include_tag 'application', 'data-turbolinks-track' => true %>
    7:   <%= csrf_meta_tags %>
    8: </head>
  
app/assets/javascripts/application.js:15
app/views/layouts/application.html.erb:5:in `_app_views_layouts_application_html_erb___1798341042084680026_70256509247920'
  Rendered /Users/Lsnn/.rvm/gems/ruby-2.2.2/gems/actionpack-5.0.0.beta3/lib/action_dispatch/middleware/templates/rescues/_source.html.erb (13.5ms)
  Rendered /Users/Lsnn/.rvm/gems/ruby-2.2.2/gems/actionpack-5.0.0.beta3/lib/action_dispatch/middleware/templates/rescues/_trace.html.erb (5.8ms)
  Rendered /Users/Lsnn/.rvm/gems/ruby-2.2.2/gems/actionpack-5.0.0.beta3/lib/action_dispatch/middleware/templates/rescues/_request_and_response.html.erb (13.9ms)
  Rendered /Users/Lsnn/.rvm/gems/ruby-2.2.2/gems/actionpack-5.0.0.beta3/lib/action_dispatch/middleware/templates/rescues/template_error.html.erb within rescues/layout (116.0ms)
DEPRECATION WARNING: #original_exception is deprecated. Use #cause instead. (called from block in render_exception_with_web_console at /Users/Lsnn/.rvm/gems/ruby-2.2.2/gems/web-console-2.3.0/lib/web_console/extensions.rb:16)
DEPRECATION WARNING: Accessing mime types via constants is deprecated. Please change `Mime::HTML` to `Mime[:html]`. (called from const_missing at /Users/Lsnn/.rvm/gems/ruby-2.2.2/gems/actionpack-5.0.0.beta3/lib/action_dispatch/http/mime_type.rb:52)
  Rendered /Users/Lsnn/.rvm/gems/ruby-2.2.2/gems/web-console-2.3.0/lib/web_console/templates/_markup.html.erb (0.9ms)
  Rendered /Users/Lsnn/.rvm/gems/ruby-2.2.2/gems/web-console-2.3.0/lib/web_console/templates/_inner_console_markup.html.erb within layouts/inlined_string (0.5ms)
  Rendered /Users/Lsnn/.rvm/gems/ruby-2.2.2/gems/web-console-2.3.0/lib/web_console/templates/_prompt_box_markup.html.erb within layouts/inlined_string (0.4ms)
  Rendered /Users/Lsnn/.rvm/gems/ruby-2.2.2/gems/web-console-2.3.0/lib/web_console/templates/style.css.erb within layouts/inlined_string (0.5ms)
DEPRECATION WARNING: Accessing mime types via constants is deprecated. Please change `Mime::WEB_CONSOLE_V2` to `Mime[:web_console_v2]`. (called from const_missing at /Users/Lsnn/.rvm/gems/ruby-2.2.2/gems/actionpack-5.0.0.beta3/lib/action_dispatch/http/mime_type.rb:52)
  Rendered /Users/Lsnn/.rvm/gems/ruby-2.2.2/gems/web-console-2.3.0/lib/web_console/templates/console.js.erb within layouts/javascript (85.6ms)
  Rendered /Users/Lsnn/.rvm/gems/ruby-2.2.2/gems/web-console-2.3.0/lib/web_console/templates/main.js.erb within layouts/javascript (0.5ms)
  Rendered /Users/Lsnn/.rvm/gems/ruby-2.2.2/gems/web-console-2.3.0/lib/web_console/templates/error_page.js.erb within layouts/javascript (0.9ms)
  Rendered /Users/Lsnn/.rvm/gems/ruby-2.2.2/gems/web-console-2.3.0/lib/web_console/templates/index.html.erb (177.8ms)
Started GET "/" for ::1 at 2016-04-07 10:39:23 +0200
Processing by DeviceController#index as HTML
  Rendered device/index.html.erb within layouts/application (6.1ms)
Completed 200 OK in 709ms (Views: 701.4ms | ActiveRecord: 0.0ms)


Started GET "/assets/device.self-e3b0c44298fc1c149afbf4c8996fb92427ae41e4649b934ca495991b7852b855.css?body=1" for ::1 at 2016-04-07 10:39:24 +0200
Started GET "/assets/jquery_ujs.self-e87806d0cf4489aeb1bb7288016024e8de67fd18db693fe026fe3907581e53cd.js?body=1" for ::1 at 2016-04-07 10:39:24 +0200
Started GET "/assets/application.self-e80e8f2318043e8af94dddc2adad5a4f09739a8ebb323b3ab31cd71d45fd9113.css?body=1" for ::1 at 2016-04-07 10:39:24 +0200
Started GET "/assets/device.self-877aef30ae1b040ab8a3aba4e3e309a11d7f2612f44dde450b5c157aa5f95c05.js?body=1" for ::1 at 2016-04-07 10:39:24 +0200
Started GET "/assets/application.self-377610cd7c1509e934744c810e3b4cf672dfbcacac3274e7d039827e2ae0fcc7.js?body=1" for ::1 at 2016-04-07 10:39:24 +0200
Started GET "/assets/jquery.self-660adc51e0224b731d29f575a6f1ec167ba08ad06ed5deca4f1e8654c135bf4c.js?body=1" for ::1 at 2016-04-07 10:39:24 +0200
Started GET "/" for ::1 at 2016-04-07 10:40:01 +0200
Processing by DeviceController#index as HTML
  Rendered device/index.html.erb within layouts/application (32.1ms)
Completed 200 OK in 97ms (Views: 94.1ms | ActiveRecord: 0.0ms)


Started GET "/assets/device.self-e3b0c44298fc1c149afbf4c8996fb92427ae41e4649b934ca495991b7852b855.css?body=1" for ::1 at 2016-04-07 10:40:01 +0200
Started GET "/assets/application.self-e80e8f2318043e8af94dddc2adad5a4f09739a8ebb323b3ab31cd71d45fd9113.css?body=1" for ::1 at 2016-04-07 10:40:01 +0200
Started GET "/assets/application.self-377610cd7c1509e934744c810e3b4cf672dfbcacac3274e7d039827e2ae0fcc7.js?body=1" for ::1 at 2016-04-07 10:40:01 +0200
Started GET "/assets/jquery_ujs.self-e87806d0cf4489aeb1bb7288016024e8de67fd18db693fe026fe3907581e53cd.js?body=1" for ::1 at 2016-04-07 10:40:01 +0200
Started GET "/assets/device.self-877aef30ae1b040ab8a3aba4e3e309a11d7f2612f44dde450b5c157aa5f95c05.js?body=1" for ::1 at 2016-04-07 10:40:01 +0200
Started GET "/assets/jquery.self-660adc51e0224b731d29f575a6f1ec167ba08ad06ed5deca4f1e8654c135bf4c.js?body=1" for ::1 at 2016-04-07 10:40:01 +0200
